<?xml version="1.0" encoding="UTF-8" ?>
<testsuite failures="0" time="1.125" errors="0" skipped="0" tests="1" name="org.be.textbe.bt.v1.textbt.resource.bt.test.ParserTest">
  <properties>
    <property name="java.vendor" value="Sun Microsystems Inc."/>
    <property name="osgi.bundles.defaultStartLevel" value="4"/>
    <property name="sun.java.launcher" value="SUN_STANDARD"/>
    <property name="org.osgi.supports.framework.extension" value="true"/>
    <property name="sun.management.compiler" value="HotSpot Client Compiler"/>
    <property name="os.name" value="Windows XP"/>
    <property name="sun.boot.class.path" value="E:\Program Files\Java\jdk1.6.0_30\jre\lib\resources.jar;E:\Program Files\Java\jdk1.6.0_30\jre\lib\rt.jar;E:\Program Files\Java\jdk1.6.0_30\jre\lib\sunrsasign.jar;E:\Program Files\Java\jdk1.6.0_30\jre\lib\jsse.jar;E:\Program Files\Java\jdk1.6.0_30\jre\lib\jce.jar;E:\Program Files\Java\jdk1.6.0_30\jre\lib\charsets.jar;E:\Program Files\Java\jdk1.6.0_30\jre\lib\modules\jdk.boot.jar;E:\Program Files\Java\jdk1.6.0_30\jre\classes"/>
    <property name="osgi.ws" value="win32"/>
    <property name="sun.desktop" value="windows"/>
    <property name="java.vm.specification.vendor" value="Sun Microsystems Inc."/>
    <property name="java.runtime.version" value="1.6.0_30-b12"/>
    <property name="osgi.instance.area" value="file:/E:/textbe_workspace/org.be.textbe.bt.v1.textbt.resource.bt.test/target/work/data/"/>
    <property name="org.osgi.framework.uuid" value="00cdb343-45a9-0011-14fe-df66baa15b7b"/>
    <property name="osgi.nl.user" value="en"/>
    <property name="osgi.noShutdown" value="false"/>
    <property name="user.name" value="uqjsuss"/>
    <property name="org.osgi.framework.system.packages" value="javax.accessibility,javax.activation,javax.activity,javax.annotation,javax.annotation.processing,javax.crypto,javax.crypto.interfaces,javax.crypto.spec,javax.imageio,javax.imageio.event,javax.imageio.metadata,javax.imageio.plugins.bmp,javax.imageio.plugins.jpeg,javax.imageio.spi,javax.imageio.stream,javax.jws,javax.jws.soap,javax.lang.model,javax.lang.model.element,javax.lang.model.type,javax.lang.model.util,javax.management,javax.management.loading,javax.management.modelmbean,javax.management.monitor,javax.management.openmbean,javax.management.relation,javax.management.remote,javax.management.remote.rmi,javax.management.timer,javax.naming,javax.naming.directory,javax.naming.event,javax.naming.ldap,javax.naming.spi,javax.net,javax.net.ssl,javax.print,javax.print.attribute,javax.print.attribute.standard,javax.print.event,javax.rmi,javax.rmi.CORBA,javax.rmi.ssl,javax.script,javax.security.auth,javax.security.auth.callback,javax.security.auth.kerberos,javax.security.auth.login,javax.security.auth.spi,javax.security.auth.x500,javax.security.cert,javax.security.sasl,javax.sound.midi,javax.sound.midi.spi,javax.sound.sampled,javax.sound.sampled.spi,javax.sql,javax.sql.rowset,javax.sql.rowset.serial,javax.sql.rowset.spi,javax.swing,javax.swing.border,javax.swing.colorchooser,javax.swing.event,javax.swing.filechooser,javax.swing.plaf,javax.swing.plaf.basic,javax.swing.plaf.metal,javax.swing.plaf.multi,javax.swing.plaf.synth,javax.swing.table,javax.swing.text,javax.swing.text.html,javax.swing.text.html.parser,javax.swing.text.rtf,javax.swing.tree,javax.swing.undo,javax.tools,javax.transaction,javax.transaction.xa,javax.xml,javax.xml.bind,javax.xml.bind.annotation,javax.xml.bind.annotation.adapters,javax.xml.bind.attachment,javax.xml.bind.helpers,javax.xml.bind.util,javax.xml.crypto,javax.xml.crypto.dom,javax.xml.crypto.dsig,javax.xml.crypto.dsig.dom,javax.xml.crypto.dsig.keyinfo,javax.xml.crypto.dsig.spec,javax.xml.datatype,javax.xml.namespace,javax.xml.parsers,javax.xml.soap,javax.xml.stream,javax.xml.stream.events,javax.xml.stream.util,javax.xml.transform,javax.xml.transform.dom,javax.xml.transform.sax,javax.xml.transform.stax,javax.xml.transform.stream,javax.xml.validation,javax.xml.ws,javax.xml.ws.handler,javax.xml.ws.handler.soap,javax.xml.ws.http,javax.xml.ws.soap,javax.xml.ws.spi,javax.xml.ws.wsaddressing,javax.xml.xpath,org.ietf.jgss,org.omg.CORBA,org.omg.CORBA_2_3,org.omg.CORBA_2_3.portable,org.omg.CORBA.DynAnyPackage,org.omg.CORBA.ORBPackage,org.omg.CORBA.portable,org.omg.CORBA.TypeCodePackage,org.omg.CosNaming,org.omg.CosNaming.NamingContextExtPackage,org.omg.CosNaming.NamingContextPackage,org.omg.Dynamic,org.omg.DynamicAny,org.omg.DynamicAny.DynAnyFactoryPackage,org.omg.DynamicAny.DynAnyPackage,org.omg.IOP,org.omg.IOP.CodecFactoryPackage,org.omg.IOP.CodecPackage,org.omg.Messaging,org.omg.PortableInterceptor,org.omg.PortableInterceptor.ORBInitInfoPackage,org.omg.PortableServer,org.omg.PortableServer.CurrentPackage,org.omg.PortableServer.POAManagerPackage,org.omg.PortableServer.POAPackage,org.omg.PortableServer.portable,org.omg.PortableServer.ServantLocatorPackage,org.omg.SendingContext,org.omg.stub.java.rmi,org.w3c.dom,org.w3c.dom.bootstrap,org.w3c.dom.css,org.w3c.dom.events,org.w3c.dom.html,org.w3c.dom.ls,org.w3c.dom.ranges,org.w3c.dom.stylesheets,org.w3c.dom.traversal,org.w3c.dom.views,org.w3c.dom.xpath,org.xml.sax,org.xml.sax.ext,org.xml.sax.helpers"/>
    <property name="org.osgi.framework.language" value="en"/>
    <property name="user.language" value="en"/>
    <property name="org.osgi.framework.processor" value="x86"/>
    <property name="osgi.syspath" value="e:\Documents and Settings\uqjsuss\.m2\repository\p2\osgi\bundle\org.eclipse.osgi\3.7.2.v20120110-1415"/>
    <property name="sun.boot.library.path" value="E:\Program Files\Java\jdk1.6.0_30\jre\bin"/>
    <property name="osgi.manifest.cache" value="E:\textbe_workspace\org.be.textbe.bt.v1.textbt.resource.bt.test\target\work\configuration\org.eclipse.osgi\manifests"/>
    <property name="org.osgi.framework.system.capabilities" value="osgi.ee; osgi.ee=&quot;OSGi/Minimum&quot;; version:List&lt;Version&gt;=&quot;1.0, 1.1, 1.2&quot;,osgi.ee; osgi.ee=&quot;JavaSE&quot;; version:List&lt;Version&gt;=&quot;1.0, 1.1, 1.2, 1.3, 1.4, 1.5, 1.6&quot;"/>
    <property name="java.version" value="1.6.0_30"/>
    <property name="org.osgi.framework.os.name" value="WindowsXP"/>
    <property name="user.timezone" value="Australia/Brisbane"/>
    <property name="sun.arch.data.model" value="32"/>
    <property name="osgi.bundles" value="reference:file:E:/Documents and Settings/uqjsuss/.m2/repository/org/be/textbe/org.be.textbe.bt.model.v1/1.0.0.qualifier/org.be.textbe.bt.model.v1-1.0.0.qualifier.jar,reference:file:E:/Documents and Settings/uqjsuss/.m2/repository/p2/osgi/bundle/org.eclipse.core.runtime/3.7.0.v20110110/org.eclipse.core.runtime-3.7.0.v20110110.jar@4:start,reference:file:E:/Documents and Settings/uqjsuss/.m2/repository/p2/osgi/bundle/org.eclipse.emf.ecore/2.7.0.v20120127-1122/org.eclipse.emf.ecore-2.7.0.v20120127-1122.jar,reference:file:E:/Documents and Settings/uqjsuss/.m2/repository/org/be/textbe/org.be.textbe.bt.v1.textbt.resource.bt/1.0.0.qualifier/org.be.textbe.bt.v1.textbt.resource.bt-1.0.0.qualifier.jar,reference:file:E:/Documents and Settings/uqjsuss/.m2/repository/p2/osgi/bundle/org.eclipse.core.resources/3.7.101.v20120125-1505/org.eclipse.core.resources-3.7.101.v20120125-1505.jar,reference:file:E:/Documents and Settings/uqjsuss/.m2/repository/p2/osgi/bundle/org.eclipse.emf/2.6.0.v20120130-0943/org.eclipse.emf-2.6.0.v20120130-0943.jar,reference:file:E:/Documents and Settings/uqjsuss/.m2/repository/p2/osgi/bundle/org.eclipse.emf.codegen.ecore/2.7.0.v20120130-0943/org.eclipse.emf.codegen.ecore-2.7.0.v20120130-0943.jar,reference:file:E:/Documents and Settings/uqjsuss/.m2/repository/p2/osgi/bundle/org.eclipse.emf.ecore.edit/2.7.1.v20120130-0943/org.eclipse.emf.ecore.edit-2.7.1.v20120130-0943.jar,reference:file:E:/Documents and Settings/uqjsuss/.m2/repository/p2/osgi/bundle/org.eclipse.emf.validation/1.4.0.v20100428-2315/org.eclipse.emf.validation-1.4.0.v20100428-2315.jar,reference:file:E:/Documents and Settings/uqjsuss/.m2/repository/p2/osgi/bundle/org.eclipse.emf.workspace/1.5.1.v20110823-1800/org.eclipse.emf.workspace-1.5.1.v20110823-1800.jar,reference:file:E:/Documents and Settings/uqjsuss/.m2/repository/p2/osgi/bundle/org.eclipse.debug.core/3.7.1.v20111129-2031/org.eclipse.debug.core-3.7.1.v20111129-2031.jar,reference:file:E:/Documents and Settings/uqjsuss/.m2/repository/org/emftext/org.emftext.commons.antlr3_3_0/1.0.0/org.emftext.commons.antlr3_3_0-1.0.0.jar,reference:file:E:/textbe_workspace/org.be.textbe.bt.v1.textbt.resource.bt.test,reference:file:E:/Documents and Settings/uqjsuss/.m2/repository/p2/osgi/bundle/org.junit/4.8.2.v4_8_2_v20110321-1705/org.junit-4.8.2.v4_8_2_v20110321-1705.jar,reference:file:E:/Documents and Settings/uqjsuss/.m2/repository/p2/osgi/bundle/org.eclipse.core.variables/3.2.500.v20110928-1503/org.eclipse.core.variables-3.2.500.v20110928-1503.jar,reference:file:E:/Documents and Settings/uqjsuss/.m2/repository/p2/osgi/bundle/org.eclipse.ant.core/3.2.302.v20120110-1739/org.eclipse.ant.core-3.2.302.v20120110-1739.jar,reference:file:E:/Documents and Settings/uqjsuss/.m2/repository/p2/osgi/bundle/org.eclipse.core.commands/3.6.0.I20110111-0800/org.eclipse.core.commands-3.6.0.I20110111-0800.jar,reference:file:E:/Documents and Settings/uqjsuss/.m2/repository/p2/osgi/bundle/org.eclipse.equinox.common/3.6.0.v20110523/org.eclipse.equinox.common-3.6.0.v20110523.jar@2:start,reference:file:E:/Documents and Settings/uqjsuss/.m2/repository/p2/osgi/bundle/org.eclipse.core.contenttype/3.4.100.v20110423-0524/org.eclipse.core.contenttype-3.4.100.v20110423-0524.jar,reference:file:E:/Documents and Settings/uqjsuss/.m2/repository/p2/osgi/bundle/org.eclipse.equinox.preferences/3.4.2.v20120111-2020/org.eclipse.equinox.preferences-3.4.2.v20120111-2020.jar,reference:file:E:/Documents and Settings/uqjsuss/.m2/repository/p2/osgi/bundle/org.eclipse.equinox.registry/3.5.101.R37x_v20110810-1611/org.eclipse.equinox.registry-3.5.101.R37x_v20110810-1611.jar,reference:file:E:/Documents and Settings/uqjsuss/.m2/repository/p2/osgi/bundle/org.eclipse.core.expressions/3.4.300.v20110228/org.eclipse.core.expressions-3.4.300.v20110228.jar,reference:file:E:/Documents and Settings/uqjsuss/.m2/repository/p2/osgi/bundle/org.eclipse.core.filesystem/1.3.100.v20110423-0524/org.eclipse.core.filesystem-1.3.100.v20110423-0524.jar,reference:file:E:/Documents and Settings/uqjsuss/.m2/repository/p2/osgi/bundle/org.eclipse.core.jobs/3.5.101.v20120113-1953/org.eclipse.core.jobs-3.5.101.v20120113-1953.jar,reference:file:E:/Documents and Settings/uqjsuss/.m2/repository/p2/osgi/bundle/org.eclipse.core.runtime.compatibility.auth/3.2.200.v20110110/org.eclipse.core.runtime.compatibility.auth-3.2.200.v20110110.jar,reference:file:E:/Documents and Settings/uqjsuss/.m2/repository/p2/osgi/bundle/org.eclipse.equinox.app/1.3.100.v20110321/org.eclipse.equinox.app-1.3.100.v20110321.jar,reference:file:E:/Documents and Settings/uqjsuss/.m2/repository/p2/osgi/bundle/com.ibm.icu/4.4.2.v20110823/com.ibm.icu-4.4.2.v20110823.jar,reference:file:E:/Documents and Settings/uqjsuss/.m2/repository/p2/osgi/bundle/org.eclipse.emf.common/2.7.0.v20120127-1122/org.eclipse.emf.common-2.7.0.v20120127-1122.jar,reference:file:E:/Documents and Settings/uqjsuss/.m2/repository/p2/osgi/bundle/org.eclipse.jdt.core/3.7.3.v20120119-1537/org.eclipse.jdt.core-3.7.3.v20120119-1537.jar,reference:file:E:/Documents and Settings/uqjsuss/.m2/repository/p2/osgi/bundle/org.eclipse.jdt.launching/3.6.1.v20111006_r372/org.eclipse.jdt.launching-3.6.1.v20111006_r372.jar,reference:file:E:/Documents and Settings/uqjsuss/.m2/repository/p2/osgi/bundle/org.eclipse.text/3.5.101.v20110928-1504/org.eclipse.text-3.5.101.v20110928-1504.jar,reference:file:E:/Documents and Settings/uqjsuss/.m2/repository/p2/osgi/bundle/org.eclipse.emf.codegen/2.6.0.v20120130-0943/org.eclipse.emf.codegen-2.6.0.v20120130-0943.jar,reference:file:E:/Documents and Settings/uqjsuss/.m2/repository/p2/osgi/bundle/org.eclipse.emf.ecore.xmi/2.7.0.v20120127-1122/org.eclipse.emf.ecore.xmi-2.7.0.v20120127-1122.jar,reference:file:E:/Documents and Settings/uqjsuss/.m2/repository/p2/osgi/bundle/org.eclipse.emf.ecore.change/2.7.1.v20120127-1122/org.eclipse.emf.ecore.change-2.7.1.v20120127-1122.jar,reference:file:E:/Documents and Settings/uqjsuss/.m2/repository/p2/osgi/bundle/org.eclipse.emf.edit/2.7.2.v20120130-0943/org.eclipse.emf.edit-2.7.2.v20120130-0943.jar,reference:file:E:/Documents and Settings/uqjsuss/.m2/repository/p2/osgi/bundle/org.eclipse.emf.transaction/1.4.0.v20100331-1738/org.eclipse.emf.transaction-1.4.0.v20100331-1738.jar,reference:file:E:/Documents and Settings/uqjsuss/.m2/repository/p2/osgi/bundle/org.eclipse.osgi.services/3.3.0.v20110513/org.eclipse.osgi.services-3.3.0.v20110513.jar,reference:file:E:/Documents and Settings/uqjsuss/.m2/repository/p2/osgi/bundle/org.eclipse.team.core/3.6.0.I20110525-0800/org.eclipse.team.core-3.6.0.I20110525-0800.jar,reference:file:E:/Documents and Settings/uqjsuss/.m2/repository/p2/osgi/bundle/org.eclipse.jdt.debug/3.7.1.v20111006_r372/org.eclipse.jdt.debug-3.7.1.v20111006_r372.jar,reference:file:E:/Documents and Settings/uqjsuss/.m2/repository/p2/osgi/bundle/org.hamcrest.core/1.1.0.v20090501071000/org.hamcrest.core-1.1.0.v20090501071000.jar,reference:file:E:/Documents and Settings/uqjsuss/.m2/repository/p2/osgi/bundle/org.eclipse.equinox.launcher/1.2.0.v20110502/org.eclipse.equinox.launcher-1.2.0.v20110502.jar,reference:file:E:/textbe_workspace/org.be.textbe.bt.v1.textbt.resource.bt.test,reference:file:E:/Documents and Settings/uqjsuss/.m2/repository/org/eclipse/tycho/org.eclipse.tycho.surefire.osgibooter/0.14.1/org.eclipse.tycho.surefire.osgibooter-0.14.1.jar,reference:file:E:/Documents and Settings/uqjsuss/.m2/repository/org/eclipse/tycho/org.eclipse.tycho.surefire.junit4/0.14.1/org.eclipse.tycho.surefire.junit4-0.14.1.jar"/>
    <property name="java.endorsed.dirs" value="E:\Program Files\Java\jdk1.6.0_30\jre\lib\endorsed"/>
    <property name="osgi.tracefile" value="E:\textbe_workspace\org.be.textbe.bt.v1.textbt.resource.bt.test\target\work\data\.metadata\trace.log"/>
    <property name="sun.cpu.isalist" value=""/>
    <property name="sun.jnu.encoding" value="Cp1252"/>
    <property name="eclipse.application" value="org.eclipse.tycho.surefire.osgibooter.headlesstest"/>
    <property name="file.encoding.pkg" value="sun.io"/>
    <property name="org.osgi.framework.vendor" value="Eclipse"/>
    <property name="file.separator" value="\"/>
    <property name="java.specification.name" value="Java Platform API Specification"/>
    <property name="osgi.checkConfiguration" value="true"/>
    <property name="java.class.version" value="50.0"/>
    <property name="user.country" value="AU"/>
    <property name="osgi.configuration.cascaded" value="false"/>
    <property name="java.home" value="E:\Program Files\Java\jdk1.6.0_30\jre"/>
    <property name="osgi.os" value="win32"/>
    <property name="eclipse.commands" value="-data
E:\textbe_workspace\org.be.textbe.bt.v1.textbt.resource.bt.test\target\work\data
-dev
file:/E:/textbe_workspace/org.be.textbe.bt.v1.textbt.resource.bt.test/target/dev.properties
-install
E:\textbe_workspace\org.be.textbe.bt.v1.textbt.resource.bt.test\target\work
-configuration
E:\textbe_workspace\org.be.textbe.bt.v1.textbt.resource.bt.test\target\work\configuration
-application
org.eclipse.tycho.surefire.osgibooter.headlesstest
-testproperties
E:\textbe_workspace\org.be.textbe.bt.v1.textbt.resource.bt.test\target\surefire.properties
-nl
en
"/>
    <property name="java.vm.info" value="mixed mode, sharing"/>
    <property name="os.version" value="5.1"/>
    <property name="osgi.arch" value="x86"/>
    <property name="path.separator" value=";"/>
    <property name="java.vm.version" value="20.5-b03"/>
    <property name="org.osgi.supports.framework.fragment" value="true"/>
    <property name="user.variant" value=""/>
    <property name="osgi.framework.shape" value="jar"/>
    <property name="java.awt.printerjob" value="sun.awt.windows.WPrinterJob"/>
    <property name="sun.io.unicode.encoding" value="UnicodeLittle"/>
    <property name="org.osgi.framework.version" value="1.6.0"/>
    <property name="awt.toolkit" value="sun.awt.windows.WToolkit"/>
    <property name="osgi.dev" value="file:/E:/textbe_workspace/org.be.textbe.bt.v1.textbt.resource.bt.test/target/dev.properties"/>
    <property name="osgi.install.area" value="file:/E:/textbe_workspace/org.be.textbe.bt.v1.textbt.resource.bt.test/target/work/"/>
    <property name="osgi.framework" value="file:/E:/Documents and Settings/uqjsuss/.m2/repository/p2/osgi/bundle/org.eclipse.osgi/3.7.2.v20120110-1415/org.eclipse.osgi-3.7.2.v20120110-1415.jar"/>
    <property name="user.home" value="E:\Documents and Settings\uqjsuss"/>
    <property name="osgi.bundlestore" value="E:\textbe_workspace\org.be.textbe.bt.v1.textbt.resource.bt.test\target\work\configuration\org.eclipse.osgi\bundles"/>
    <property name="java.specification.vendor" value="Sun Microsystems Inc."/>
    <property name="osgi.nl" value="en"/>
    <property name="java.library.path" value="E:\Program Files\Java\jdk1.6.0_30\jre\bin;C:\WINDOWS\Sun\Java\bin;C:\WINDOWS\system32;C:\WINDOWS;E:/Program Files/Java/jdk1.6.0_30/bin/../jre/bin/client;E:/Program Files/Java/jdk1.6.0_30/bin/../jre/bin;E:/Program Files/Java/jdk1.6.0_30/bin/../jre/lib/i386;E:\Program Files\MiKTeX 2.9\miktex\bin;C:\WINDOWS\system32;C:\WINDOWS;C:\WINDOWS\System32\Wbem;C:\Program Files\Common Files\Roxio Shared\DLLShared\;C:\WINDOWS\system32\WindowsPowerShell\v1.0;C:\WINDOWS\system32\WindowsPowerShell\v1.0;c:\program files\borland\StarTeam SDK 2005 R2\Lib;c:\program files\borland\StarTeam SDK 2005 R2\Bin;c:\program files\borland\StarTeam SDK 11.0\Lib;c:\program files\borland\StarTeam SDK 11.0\Bin;E:\Program Files\Graphviz2.26.3\bin;E:\Program Files\CVSNT;E:\Program Files\eclipse;;."/>
    <property name="java.vendor.url" value="http://java.sun.com/"/>
    <property name="osgi.bundlefile.limit" value="100"/>
    <property name="eclipse.startTime" value="1338265074605"/>
    <property name="org.osgi.framework.os.version" value="5.1.0"/>
    <property name="java.vm.vendor" value="Sun Microsystems Inc."/>
    <property name="java.runtime.name" value="Java(TM) SE Runtime Environment"/>
    <property name="java.class.path" value="E:\Documents and Settings\uqjsuss\.m2\repository\p2\osgi\bundle\org.eclipse.equinox.launcher\1.2.0.v20110502\org.eclipse.equinox.launcher-1.2.0.v20110502.jar"/>
    <property name="sun.java.command" value="E:\Documents and Settings\uqjsuss\.m2\repository\p2\osgi\bundle\org.eclipse.equinox.launcher\1.2.0.v20110502\org.eclipse.equinox.launcher-1.2.0.v20110502.jar -data E:\textbe_workspace\org.be.textbe.bt.v1.textbt.resource.bt.test\target\work\data -dev file:/E:/textbe_workspace/org.be.textbe.bt.v1.textbt.resource.bt.test/target/dev.properties -install E:\textbe_workspace\org.be.textbe.bt.v1.textbt.resource.bt.test\target\work -configuration E:\textbe_workspace\org.be.textbe.bt.v1.textbt.resource.bt.test\target\work\configuration -application org.eclipse.tycho.surefire.osgibooter.headlesstest -testproperties E:\textbe_workspace\org.be.textbe.bt.v1.textbt.resource.bt.test\target\surefire.properties -nl en"/>
    <property name="java.vm.specification.name" value="Java Virtual Machine Specification"/>
    <property name="java.vm.specification.version" value="1.0"/>
    <property name="sun.os.patch.level" value="Service Pack 3"/>
    <property name="sun.cpu.endian" value="little"/>
    <property name="surefire.test.class.path" value=""/>
    <property name="java.io.tmpdir" value="E:\DOCUME~1\uqjsuss\LOCALS~1\Temp\"/>
    <property name="java.vendor.url.bug" value="http://java.sun.com/cgi-bin/bugreport.cgi"/>
    <property name="eclipse.home.location" value="file:/E:/textbe_workspace/org.be.textbe.bt.v1.textbt.resource.bt.test/target/work/"/>
    <property name="java.awt.graphicsenv" value="sun.awt.Win32GraphicsEnvironment"/>
    <property name="os.arch" value="x86"/>
    <property name="java.ext.dirs" value="E:\Program Files\Java\jdk1.6.0_30\jre\lib\ext;C:\WINDOWS\Sun\Java\lib\ext"/>
    <property name="user.dir" value="E:\textbe_workspace\org.be.textbe.bt.v1.textbt.resource.bt.test"/>
    <property name="org.osgi.supports.framework.requirebundle" value="true"/>
    <property name="line.separator" value="
"/>
    <property name="java.vm.name" value="Java HotSpot(TM) Client VM"/>
    <property name="file.encoding" value="Cp1252"/>
    <property name="osgi.framework.version" value="3.7.2.v20120110-1415"/>
    <property name="java.specification.version" value="1.6"/>
    <property name="org.osgi.framework.executionenvironment" value="OSGi/Minimum-1.0,OSGi/Minimum-1.1,OSGi/Minimum-1.2,JRE-1.1,J2SE-1.2,J2SE-1.3,J2SE-1.4,J2SE-1.5,JavaSE-1.6"/>
    <property name="osgi.configuration.area" value="file:/E:/textbe_workspace/org.be.textbe.bt.v1.textbt.resource.bt.test/target/work/configuration/"/>
    <property name="osgi.logfile" value="E:\textbe_workspace\org.be.textbe.bt.v1.textbt.resource.bt.test\target\work\data\.metadata\.log"/>
  </properties>
  <testcase time="1.078" classname="org.be.textbe.bt.v1.textbt.resource.bt.test.ParserTest" name="test"/>
</testsuite>